{"C:\\Users\\SEVA\\hrms-user\\app\\models\\user.js":{"path":"C:\\Users\\SEVA\\hrms-user\\app\\models\\user.js","s":{"1":1,"2":1,"3":1,"4":1,"5":0,"6":0,"7":0,"8":0,"9":0,"10":0,"11":0,"12":0,"13":0,"14":0,"15":0,"16":0,"17":1,"18":0,"19":0,"20":0,"21":0,"22":1},"b":{"1":[0,0],"2":[0,0],"3":[0,0],"4":[0,0]},"f":{"1":0,"2":0,"3":0,"4":0,"5":0},"fnMap":{"1":{"name":"(anonymous_1)","line":39,"loc":{"start":{"line":39,"column":23},"end":{"line":39,"column":39}}},"2":{"name":"(anonymous_2)","line":48,"loc":{"start":{"line":48,"column":32},"end":{"line":48,"column":53}}},"3":{"name":"(anonymous_3)","line":54,"loc":{"start":{"line":54,"column":47},"end":{"line":54,"column":68}}},"4":{"name":"(anonymous_4)","line":69,"loc":{"start":{"line":69,"column":37},"end":{"line":69,"column":68}}},"5":{"name":"(anonymous_5)","line":71,"loc":{"start":{"line":71,"column":51},"end":{"line":71,"column":75}}}},"statementMap":{"1":{"start":{"line":1,"column":0},"end":{"line":1,"column":35}},"2":{"start":{"line":2,"column":0},"end":{"line":2,"column":38}},"3":{"start":{"line":6,"column":0},"end":{"line":37,"column":3}},"4":{"start":{"line":39,"column":0},"end":{"line":67,"column":3}},"5":{"start":{"line":41,"column":4},"end":{"line":41,"column":20}},"6":{"start":{"line":42,"column":4},"end":{"line":42,"column":24}},"7":{"start":{"line":44,"column":4},"end":{"line":46,"column":5}},"8":{"start":{"line":45,"column":8},"end":{"line":45,"column":22}},"9":{"start":{"line":48,"column":4},"end":{"line":65,"column":7}},"10":{"start":{"line":50,"column":8},"end":{"line":52,"column":9}},"11":{"start":{"line":51,"column":12},"end":{"line":51,"column":29}},"12":{"start":{"line":54,"column":8},"end":{"line":63,"column":11}},"13":{"start":{"line":56,"column":12},"end":{"line":58,"column":13}},"14":{"start":{"line":57,"column":16},"end":{"line":57,"column":33}},"15":{"start":{"line":60,"column":12},"end":{"line":60,"column":33}},"16":{"start":{"line":61,"column":12},"end":{"line":61,"column":19}},"17":{"start":{"line":69,"column":0},"end":{"line":80,"column":1}},"18":{"start":{"line":71,"column":4},"end":{"line":78,"column":7}},"19":{"start":{"line":73,"column":8},"end":{"line":77,"column":9}},"20":{"start":{"line":74,"column":12},"end":{"line":74,"column":27}},"21":{"start":{"line":76,"column":12},"end":{"line":76,"column":30}},"22":{"start":{"line":82,"column":0},"end":{"line":82,"column":52}}},"branchMap":{"1":{"line":44,"type":"if","locations":[{"start":{"line":44,"column":4},"end":{"line":44,"column":4}},{"start":{"line":44,"column":4},"end":{"line":44,"column":4}}]},"2":{"line":50,"type":"if","locations":[{"start":{"line":50,"column":8},"end":{"line":50,"column":8}},{"start":{"line":50,"column":8},"end":{"line":50,"column":8}}]},"3":{"line":56,"type":"if","locations":[{"start":{"line":56,"column":12},"end":{"line":56,"column":12}},{"start":{"line":56,"column":12},"end":{"line":56,"column":12}}]},"4":{"line":73,"type":"if","locations":[{"start":{"line":73,"column":8},"end":{"line":73,"column":8}},{"start":{"line":73,"column":8},"end":{"line":73,"column":8}}]}}}}